Arguments: 
  /home/zshmeta/.config/nvm/versions/node/v16.20.1/bin/node /usr/share/yarn/bin/yarn.js init

PATH: 
  /home/zshmeta/.config/nvm/versions/node/v16.20.1/bin:/home/linuxbrew/.linuxbrew/bin/:/home/zshmeta/.local/npm-global/bin:/home/zshmeta/.local/node-global/bin:/home/zshmeta/.local/lib/python3.10/bin:/usr/share/bin:/usr/share/sbin:/home/zshmeta/.local/share/bin:/home/zshmeta/.local/sbin:/home/zshmeta/.local/bin:/usr/local/bin:/usr/local/sbin:/usr/bin:/usr/sbin:/bin:/sbin:/home/arch/.local/share/bin:/home/linuxbrew/.linuxbrew/bin/:/home/zshmeta/.local/npm-global/bin:/home/zshmeta/.local/node-global/bin:/home/zshmeta/.local/lib/python3.10/bin:/usr/share/bin:/usr/share/sbin:/home/zshmeta/.local/share/bin:/home/zshmeta/.local/sbin:/home/zshmeta/.local/bin:/usr/local/bin:/usr/local/sbin:/usr/bin:/usr/sbin:/bin:/sbin:/home/linuxbrew/.linuxbrew/bin/:/home/zshmeta/.local/npm-global/bin:/home/zshmeta/.local/node-global/bin:/home/zshmeta/.local/lib/python3.10/bin:/usr/share/bin:/usr/share/sbin:/home/zshmeta/.local/share/bin:/home/zshmeta/.local/sbin:/home/zshmeta/.local/bin:/usr/local/bin:/usr/local/sbin:/usr/bin:/usr/sbin:/bin:/sbin:/home/zshmeta/bin:/usr/local/bin:/home/zshmeta/.config/nvm/versions/node/v16.20.1/bin:/home/linuxbrew/.linuxbrew/bin/:/home/zshmeta/.local/npm-global/bin:/home/zshmeta/.local/node-global/bin:/home/zshmeta/.local/lib/python3.10/bin:/usr/share/bin:/usr/share/sbin:/home/zshmeta/.local/share/bin:/home/zshmeta/.local/sbin:/home/zshmeta/.local/bin:/usr/local/bin:/usr/local/sbin:/usr/bin:/usr/sbin:/bin:/sbin:/home/arch/.local/share/bin:/home/linuxbrew/.linuxbrew/bin/:/home/zshmeta/.local/npm-global/bin:/home/zshmeta/.local/node-global/bin:/home/zshmeta/.local/lib/python3.10/bin:/usr/share/bin:/usr/share/sbin:/home/zshmeta/.local/share/bin:/home/zshmeta/.local/sbin:/home/zshmeta/.local/bin:/usr/local/bin:/usr/local/sbin:/usr/bin:/usr/sbin:/bin:/sbin:/home/linuxbrew/.linuxbrew/bin/:/home/zshmeta/.local/npm-global/bin:/home/zshmeta/.local/node-global/bin:/home/zshmeta/.local/lib/python3.10/bin:/usr/share/bin:/usr/share/sbin:/home/zshmeta/.local/share/bin:/home/zshmeta/.local/sbin:/home/zshmeta/.local/bin:/usr/local/bin:/usr/local/sbin:/usr/bin:/usr/sbin:/bin:/sbin:/home/zshmeta/bin:/usr/local/bin:/home/zshmeta/.local/bin:/home/zshmeta/bin:/usr/local/bin:/usr/bin:/bin:/usr/local/opt/fzf/bin

Yarn version: 
  1.22.19

Node version: 
  16.20.1

Platform: 
  linux x64

Trace: 
  Error: canceled
      at Interface.<anonymous> (/usr/share/yarn/lib/cli.js:137150:13)
      at Interface.emit (node:events:513:28)
      at Interface._ttyWrite (node:readline:1085:16)
      at ReadStream.onkeypress (node:readline:291:10)
      at ReadStream.emit (node:events:513:28)
      at emitKeys (node:internal/readline/utils:357:14)
      at emitKeys.next (<anonymous>)
      at ReadStream.onData (node:internal/readline/emitKeypressEvents:61:36)
      at ReadStream.emit (node:events:513:28)
      at addChunk (node:internal/streams/readable:315:12)

npm manifest: 
  No manifest

yarn manifest: 
  No manifest

Lockfile: 
  No lockfile
